<?xml version="1.0" encoding="UTF-8"?>
<!-- Generated by org.testng.reporters.JUnitReportReporter -->
<testsuite skipped="0" hostname="SUMIT" name="scripts.MultiSelectDDL" tests="1" failures="0" timestamp="11 Sep 2018 12:11:38 GMT" time="18.756" errors="0">
  <testcase name="testForMultiSelectDDL" time="18.756" classname="scripts.MultiSelectDDL"/>
</testsuite> <!-- scripts.MultiSelectDDL -->
