<?xml version="1.0" encoding="UTF-8"?>
<!-- Generated by org.testng.reporters.JUnitReportReporter -->
<testsuite skipped="0" hostname="SUMIT" name="scripts.AssignmentDDL" tests="1" failures="0" timestamp="15 Sep 2018 06:28:51 GMT" time="33.475" errors="0">
  <testcase name="testAllElement" time="33.475" classname="scripts.AssignmentDDL"/>
</testsuite> <!-- scripts.AssignmentDDL -->
