<?xml version="1.0" encoding="UTF-8"?>
<!-- Generated by org.testng.reporters.JUnitReportReporter -->
<testsuite skipped="0" hostname="SUMIT" name="PageObjectThird.YahooPageObjectLogInTest" tests="1" failures="0" timestamp="19 Sep 2018 06:14:55 GMT" time="30.319" errors="0">
  <testcase name="loginTest" time="30.319" classname="PageObjectThird.YahooPageObjectLogInTest"/>
</testsuite> <!-- PageObjectThird.YahooPageObjectLogInTest -->
