<?xml version="1.0" encoding="UTF-8"?>
<!-- Generated by org.testng.reporters.JUnitReportReporter -->
<testsuite skipped="0" hostname="SUMIT" name="scripts.FrameExample" tests="1" failures="0" timestamp="15 Sep 2018 07:06:51 GMT" time="26.419" errors="0">
  <testcase name="frameSwitchExample" time="26.419" classname="scripts.FrameExample"/>
</testsuite> <!-- scripts.FrameExample -->
