<?xml version="1.0" encoding="UTF-8"?>
<!-- Generated by org.testng.reporters.JUnitReportReporter -->
<testsuite skipped="0" hostname="SUMIT" name="scripts.WindowsSwitchExample" tests="1" failures="0" timestamp="14 Sep 2018 16:42:53 GMT" time="8.389" errors="0">
  <testcase name="switchWindowsHelp" time="8.389" classname="scripts.WindowsSwitchExample"/>
</testsuite> <!-- scripts.WindowsSwitchExample -->
