<?xml version="1.0" encoding="UTF-8"?>
<!-- Generated by org.testng.reporters.JUnitReportReporter -->
<testsuite skipped="0" hostname="SUMIT" name="scripts.RadioButtonTestNG" tests="1" failures="0" timestamp="11 Sep 2018 10:55:07 GMT" time="13.863" errors="0">
  <testcase name="redioButtonTest" time="13.863" classname="scripts.RadioButtonTestNG"/>
</testsuite> <!-- scripts.RadioButtonTestNG -->
