<?xml version="1.0" encoding="UTF-8"?>
<!-- Generated by org.testng.reporters.JUnitReportReporter -->
<testsuite skipped="0" hostname="SUMIT" name="scripts.WebTableTest" tests="1" failures="0" timestamp="19 Sep 2018 06:18:07 GMT" time="6.241" errors="0">
  <testcase name="webTableOperation" time="6.241" classname="scripts.WebTableTest"/>
</testsuite> <!-- scripts.WebTableTest -->
