<?xml version="1.0" encoding="UTF-8"?>
<!-- Generated by org.testng.reporters.JUnitReportReporter -->
<testsuite skipped="0" hostname="SUMIT" name="scripts.AllTest" tests="1" failures="0" timestamp="20 Sep 2018 05:59:48 GMT" time="6.133" errors="0">
  <testcase name="simpleTest" time="6.133" classname="scripts.AllTest"/>
</testsuite> <!-- scripts.AllTest -->
