<?xml version="1.0" encoding="UTF-8"?>
<!-- Generated by org.testng.reporters.JUnitReportReporter -->
<testsuite skipped="0" hostname="SUMIT" name="scripts.DropDownTestNG" tests="1" failures="0" timestamp="11 Sep 2018 11:38:49 GMT" time="12.072" errors="0">
  <testcase name="testForDropDown" time="12.072" classname="scripts.DropDownTestNG"/>
</testsuite> <!-- scripts.DropDownTestNG -->
