<?xml version="1.0" encoding="UTF-8"?>
<!-- Generated by org.testng.reporters.JUnitReportReporter -->
<testsuite skipped="0" hostname="SUMIT" name="scripts.DoubleClickAlert" tests="1" failures="0" timestamp="17 Sep 2018 20:56:48 GMT" time="12.550" errors="0">
  <testcase name="doubleClickAction" time="12.550" classname="scripts.DoubleClickAlert"/>
</testsuite> <!-- scripts.DoubleClickAlert -->
