<?xml version="1.0" encoding="UTF-8"?>
<!-- Generated by org.testng.reporters.JUnitReportReporter -->
<testsuite skipped="0" hostname="SUMIT" name="scripts.GmailNewTab" tests="1" failures="0" timestamp="24 Sep 2018 06:03:28 GMT" time="31.740" errors="0">
  <testcase name="gmailTab" time="31.740" classname="scripts.GmailNewTab"/>
</testsuite> <!-- scripts.GmailNewTab -->
