<?xml version="1.0" encoding="UTF-8"?>
<!-- Generated by org.testng.reporters.JUnitReportReporter -->
<testsuite skipped="0" hostname="SUMIT" name="scripts.CheckBoxTestNG" tests="1" failures="0" timestamp="11 Sep 2018 10:24:02 GMT" time="12.248" errors="0">
  <testcase name="testForCheckBox" time="12.248" classname="scripts.CheckBoxTestNG"/>
</testsuite> <!-- scripts.CheckBoxTestNG -->
