<?xml version="1.0" encoding="UTF-8"?>
<!-- Generated by org.testng.reporters.JUnitReportReporter -->
<testsuite skipped="0" hostname="SUMIT" name="scripts.MoveToElementExample" tests="1" failures="0" timestamp="19 Sep 2018 06:34:34 GMT" time="8.276" errors="0">
  <testcase name="moveElemntMouse" time="8.276" classname="scripts.MoveToElementExample"/>
</testsuite> <!-- scripts.MoveToElementExample -->
