<?xml version="1.0" encoding="UTF-8"?>
<!-- Generated by org.testng.reporters.JUnitReportReporter -->
<testsuite skipped="0" hostname="SUMIT" name="scripts.TextBoxValue" tests="1" failures="0" timestamp="11 Sep 2018 10:09:12 GMT" time="22.644" errors="0">
  <testcase name="textBoxValuePrint" time="22.644" classname="scripts.TextBoxValue"/>
</testsuite> <!-- scripts.TextBoxValue -->
