<?xml version="1.0" encoding="UTF-8"?>
<!-- Generated by org.testng.reporters.JUnitReportReporter -->
<testsuite skipped="0" hostname="SUMIT" name="PageObjectSecond.YahooPageObjectLogInTest" tests="1" failures="0" timestamp="19 Sep 2018 04:30:55 GMT" time="38.048" errors="0">
  <testcase name="loginTest" time="38.048" classname="PageObjectSecond.YahooPageObjectLogInTest"/>
</testsuite> <!-- PageObjectSecond.YahooPageObjectLogInTest -->
