<?xml version="1.0" encoding="UTF-8"?>
<!-- Generated by org.testng.reporters.JUnitReportReporter -->
<testsuite skipped="0" hostname="SUMIT" name="scripts.Facebook" tests="1" failures="0" timestamp="08 Sep 2018 08:30:20 GMT" time="64.712" errors="0">
  <testcase name="login" time="64.712" classname="scripts.Facebook"/>
</testsuite> <!-- scripts.Facebook -->
